<?xml version="1.0" encoding="UTF-8"?>
<!-- Generated by org.testng.reporters.JUnitXMLReporter -->
<testsuite hostname="LAPTOP-NGTKMAF6" ignored="4" name="smoke tests" tests="3" failures="0" timestamp="12 Jan 2019 21:54:51 GMT" time="21.732" errors="0">
  <testcase name="multipleTabs" time="6.937" classname="Recap.Tabs2"/>
  <testcase name="negativeLogin" time="4.442" classname="PageObjectModel.OrangeAdmin"/>
  <testcase name="negativeLogin" time="0.878" classname="PageObjectModel.OrangeTest"/>
  <testcase name="loginVerification" time="0.0" classname="PageObjectModel.OrangeAdmin">
    <ignored/>
  </testcase> <!-- loginVerification -->
  <testcase name="login" time="0.0" classname="PageObjectModel.OrangeAdmin">
    <ignored/>
  </testcase> <!-- login -->
  <testcase name="toDo" time="0.0" classname="Recap.Tabs2">
    <ignored/>
  </testcase> <!-- toDo -->
  <testcase name="verifyCEO" time="0.0" classname="PageObjectModel.OrangeAdmin">
    <ignored/>
  </testcase> <!-- verifyCEO -->
</testsuite> <!-- smoke tests -->
